.\dist\TransformatorPro_Debug\Transformator
Pro_Debug.exe : Traceback (most recent 
call last):
In Zeile:1 Zeichen:1
+ .\dist\TransformatorPro_Debug\Transformat
orPro_Debug.exe > debug_run. ...
+ ~~~~~~~~~~~~~~~~~~~~~~~~~~~~~~~~~~~~~~~~~
~~~~~~~~~~~~~~~~~~~~~~~~~~~~
    + CategoryInfo          : NotSpecified 
   : (Traceback (most recent call last)::  
  String) [], RemoteException
    + FullyQualifiedErrorId : NativeComman 
   dError
 
  File "importlib\metadata\__init__.py", 
line 407, in from_name
StopIteration

During handling of the above exception, 
another exception occurred:

Traceback (most recent call last):
  File "app.py", line 8, in <module>
    import moviepy.editor as mp
  File "pyimod02_importers.py", line 457, 
in exec_module
  File "moviepy\editor.py", line 24, in 
<module>
  File "pyimod02_importers.py", line 457, 
in exec_module
  File "imageio\__init__.py", line 21, in 
<module>
  File "importlib\metadata\__init__.py", 
line 987, in version
  File "importlib\metadata\__init__.py", 
line 960, in distribution
  File "importlib\metadata\__init__.py", 
line 409, in from_name
importlib.metadata.PackageNotFoundError: 
No package metadata was found for imageio
[PYI-11688:ERROR] Failed to execute script 
'app' due to unhandled exception!
